========================================
TDLib Binary Rebuild Audit Log
Date: 2026-05-11
Agent: Agent 3 - Security Audit Pipeline
========================================

[STEP 1] Checking sibling repo: B:\Рабочие проектики\tdlib-binaries-prebuilt
STATUS: EXISTS
Contents:
  - Dockerfile
  - Dockerfile-test-install
  - Makefile
  - README.md
  - deps/
  - package-lock.json
  - package.json
  - pnpm-lock.yaml
  - prebuilt-tdlib-docker.sh

[STEP 2] Checking Docker availability
COMMAND: docker --version
RESULT: Docker not available on this machine (command not found, exit code 127)

========================================
CONCLUSION
========================================
Docker not available on this machine. Build must be run on Linux VPS.
========================================
